Determining if the pthread_create exist failed with the following output:
Change Dir: /home/fworg64/NRMC2019/src/CMakeFiles/CMakeTmp

Run Build Command:"/usr/bin/make" "cmTC_b957d/fast"
/usr/bin/make -f CMakeFiles/cmTC_b957d.dir/build.make CMakeFiles/cmTC_b957d.dir/build
make[1]: Entering directory '/home/fworg64/NRMC2019/src/CMakeFiles/CMakeTmp'
Building C object CMakeFiles/cmTC_b957d.dir/CheckSymbolExists.c.o
/usr/bin/cc     -o CMakeFiles/cmTC_b957d.dir/CheckSymbolExists.c.o   -c /home/fworg64/NRMC2019/src/CMakeFiles/CMakeTmp/CheckSymbolExists.c
Linking C executable cmTC_b957d
/usr/bin/cmake -E cmake_link_script CMakeFiles/cmTC_b957d.dir/link.txt --verbose=1
/usr/bin/cc       CMakeFiles/cmTC_b957d.dir/CheckSymbolExists.c.o  -o cmTC_b957d -rdynamic 
CMakeFiles/cmTC_b957d.dir/CheckSymbolExists.c.o: In function `main':
CheckSymbolExists.c:(.text+0x16): undefined reference to `pthread_create'
collect2: error: ld returned 1 exit status
CMakeFiles/cmTC_b957d.dir/build.make:97: recipe for target 'cmTC_b957d' failed
make[1]: *** [cmTC_b957d] Error 1
make[1]: Leaving directory '/home/fworg64/NRMC2019/src/CMakeFiles/CMakeTmp'
Makefile:126: recipe for target 'cmTC_b957d/fast' failed
make: *** [cmTC_b957d/fast] Error 2

File /home/fworg64/NRMC2019/src/CMakeFiles/CMakeTmp/CheckSymbolExists.c:
/* */
#include <pthread.h>

int main(int argc, char** argv)
{
  (void)argv;
#ifndef pthread_create
  return ((int*)(&pthread_create))[argc];
#else
  (void)argc;
  return 0;
#endif
}

Determining if the function pthread_create exists in the pthreads failed with the following output:
Change Dir: /home/fworg64/NRMC2019/src/CMakeFiles/CMakeTmp

Run Build Command:"/usr/bin/make" "cmTC_faa86/fast"
/usr/bin/make -f CMakeFiles/cmTC_faa86.dir/build.make CMakeFiles/cmTC_faa86.dir/build
make[1]: Entering directory '/home/fworg64/NRMC2019/src/CMakeFiles/CMakeTmp'
Building C object CMakeFiles/cmTC_faa86.dir/CheckFunctionExists.c.o
/usr/bin/cc    -DCHECK_FUNCTION_EXISTS=pthread_create   -o CMakeFiles/cmTC_faa86.dir/CheckFunctionExists.c.o   -c /usr/share/cmake-3.5/Modules/CheckFunctionExists.c
Linking C executable cmTC_faa86
/usr/bin/cmake -E cmake_link_script CMakeFiles/cmTC_faa86.dir/link.txt --verbose=1
/usr/bin/cc   -DCHECK_FUNCTION_EXISTS=pthread_create    CMakeFiles/cmTC_faa86.dir/CheckFunctionExists.c.o  -o cmTC_faa86 -rdynamic -lpthreads 
/usr/bin/ld: cannot find -lpthreads
collect2: error: ld returned 1 exit status
CMakeFiles/cmTC_faa86.dir/build.make:97: recipe for target 'cmTC_faa86' failed
make[1]: *** [cmTC_faa86] Error 1
make[1]: Leaving directory '/home/fworg64/NRMC2019/src/CMakeFiles/CMakeTmp'
Makefile:126: recipe for target 'cmTC_faa86/fast' failed
make: *** [cmTC_faa86/fast] Error 2


